<?xml version="1.0" encoding="UTF-8"?>
<!-- Generated by org.testng.reporters.JUnitXMLReporter -->
<testsuite ignored="0" hostname="Shoaibs-MacBook-Air.local" failures="0" tests="3" name="Surefire test" time="4.983" errors="0" timestamp="2025-05-24T16:00:40 IST">
  <testcase classname="demo.ECommerceAPITest" name="addProduct" time="1.079"/>
  <testcase classname="demo.ECommerceAPITest" name="createOrder" time="0.133"/>
  <testcase classname="demo.ECommerceAPITest" name="deleteProduct" time="0.146"/>
</testsuite> <!-- Surefire test -->
