<?xml version="1.0" encoding="UTF-8"?>
<testng-results ignored="0" total="3" passed="3" failed="0" skipped="0">
  <reporter-output>
  </reporter-output>
  <suite started-at="2025-05-24T16:00:35 IST" name="Surefire suite" finished-at="2025-05-24T16:00:40 IST" duration-ms="4983">
    <groups>
    </groups>
    <test started-at="2025-05-24T16:00:35 IST" name="Surefire test" finished-at="2025-05-24T16:00:40 IST" duration-ms="4983">
      <class name="demo.ECommerceAPITest">
        <test-method is-config="true" signature="login()[pri:0, instance:demo.ECommerceAPITest@51f116b8]" started-at="2025-05-24T16:00:35 IST" name="login" finished-at="2025-05-24T16:00:39 IST" duration-ms="3562" status="PASS">
          <reporter-output>
          </reporter-output>
        </test-method> <!-- login -->
        <test-method signature="addProduct()[pri:1, instance:demo.ECommerceAPITest@51f116b8]" started-at="2025-05-24T16:00:39 IST" name="addProduct" finished-at="2025-05-24T16:00:40 IST" duration-ms="1079" status="PASS">
          <reporter-output>
          </reporter-output>
        </test-method> <!-- addProduct -->
        <test-method signature="createOrder()[pri:2, instance:demo.ECommerceAPITest@51f116b8]" started-at="2025-05-24T16:00:40 IST" name="createOrder" finished-at="2025-05-24T16:00:40 IST" depends-on-methods="demo.ECommerceAPITest.addProduct" duration-ms="133" status="PASS">
          <reporter-output>
          </reporter-output>
        </test-method> <!-- createOrder -->
        <test-method signature="deleteProduct()[pri:3, instance:demo.ECommerceAPITest@51f116b8]" started-at="2025-05-24T16:00:40 IST" name="deleteProduct" finished-at="2025-05-24T16:00:40 IST" depends-on-methods="demo.ECommerceAPITest.createOrder" duration-ms="146" status="PASS">
          <reporter-output>
          </reporter-output>
        </test-method> <!-- deleteProduct -->
      </class> <!-- demo.ECommerceAPITest -->
    </test> <!-- Surefire test -->
  </suite> <!-- Surefire suite -->
</testng-results>
