<?xml version="1.0" encoding="UTF-8"?>
<testsuite xmlns:xsi="http://www.w3.org/2001/XMLSchema-instance" xsi:noNamespaceSchemaLocation="https://maven.apache.org/surefire/maven-surefire-plugin/xsd/surefire-test-report-3.0.xsd" version="3.0" name="demo.ECommerceAPITest" time="5.789" tests="3" errors="0" skipped="0" failures="0">
  <properties>
[...]
</properties>
  <testcase name="addProduct" classname="demo.ECommerceAPITest" time="1.081">
    <system-out><![CDATA[Request method:	POST
Request URI:	https://rahulshettyacademy.com/api/ecom/auth/login
Proxy:			<none>
Request params:	<none>
Query params:	<none>
Form params:	<none>
Path params:	<none>
Headers:		Accept=*/*
				Content-Type=application/json
Cookies:		<none>
Multiparts:		<none>
Body:
{
    "userEmail": "rahulshetty@gmail.com",
    "userPassword": "Iamking@000"
}
HTTP/1.1 200 OK
Date: Sat, 24 May 2025 10:30:39 GMT
Server: Apache/2.4.52 (Ubuntu)
Content-Security-Policy: default-src 'self';base-uri 'self';block-all-mixed-content;font-src 'self' https: data:;frame-ancestors 'self';img-src 'self' data:;object-src 'none';script-src 'self';script-src-attr 'none';style-src 'self' https: 'unsafe-inline';upgrade-insecure-requests
X-DNS-Prefetch-Control: off
Expect-CT: max-age=0
X-Frame-Options: SAMEORIGIN
Strict-Transport-Security: max-age=15552000; includeSubDomains
X-Download-Options: noopen
X-Content-Type-Options: nosniff
X-Permitted-Cross-Domain-Policies: none
Referrer-Policy: no-referrer
X-XSS-Protection: 0
Access-Control-Allow-Origin: *
Content-Type: application/json; charset=utf-8
Content-Length: 360
ETag: W/"168-psNxHji2Y34dGIZtBQW1EVt7ONU"
Vary: Accept-Encoding
Keep-Alive: timeout=5, max=100
Connection: Keep-Alive

{
    "token": "eyJhbGciOiJIUzI1NiIsInR5cCI6IkpXVCJ9.eyJfaWQiOiI2Mjc0MjU0OWUyNmI3ZTFhMTBlOWZjZTAiLCJ1c2VyRW1haWwiOiJyYWh1bHNoZXR0eUBnbWFpbC5jb20iLCJ1c2VyTW9iaWxlIjo5NTQzNjQ1NzU0LCJ1c2VyUm9sZSI6ImN1c3RvbWVyIiwiaWF0IjoxNzQ4MDgyNjM5LCJleHAiOjE3Nzk2NDAyMzl9.T8Vk32XCxChPbzR2axq26bQLMTN-exPTI4r0AV3TSmQ",
    "userId": "62742549e26b7e1a10e9fce0",
    "message": "Login Successfully"
}
Request method:	POST
Request URI:	https://rahulshettyacademy.com/api/ecom/product/add-product
Proxy:			<none>
Request params:	productName=Laptop
				productAddedBy=62742549e26b7e1a10e9fce0
				productCategory=fashion
				productSubCategory=shirts
				productPrice=11500
				productDescription=Lenova
				productFor=men
Query params:	<none>
Form params:	<none>
Path params:	<none>
Headers:		authorization=eyJhbGciOiJIUzI1NiIsInR5cCI6IkpXVCJ9.eyJfaWQiOiI2Mjc0MjU0OWUyNmI3ZTFhMTBlOWZjZTAiLCJ1c2VyRW1haWwiOiJyYWh1bHNoZXR0eUBnbWFpbC5jb20iLCJ1c2VyTW9iaWxlIjo5NTQzNjQ1NzU0LCJ1c2VyUm9sZSI6ImN1c3RvbWVyIiwiaWF0IjoxNzQ4MDgyNjM5LCJleHAiOjE3Nzk2NDAyMzl9.T8Vk32XCxChPbzR2axq26bQLMTN-exPTI4r0AV3TSmQ
				Accept=*/*
				Content-Type=multipart/form-data
Cookies:		<none>
Multiparts:		------------
				Content-Disposition: form-data; name = productImage; filename = product.jpg
				Content-Type: application/octet-stream

				/Users/shoaibshaikh/Documents/GDrive/EclipseWS/EndToEndAPI/target/test-classes/images/product.jpg
Body:			<none>
HTTP/1.1 201 Created
Date: Sat, 24 May 2025 10:30:39 GMT
Server: Apache/2.4.52 (Ubuntu)
Content-Security-Policy: default-src 'self';base-uri 'self';block-all-mixed-content;font-src 'self' https: data:;frame-ancestors 'self';img-src 'self' data:;object-src 'none';script-src 'self';script-src-attr 'none';style-src 'self' https: 'unsafe-inline';upgrade-insecure-requests
X-DNS-Prefetch-Control: off
Expect-CT: max-age=0
X-Frame-Options: SAMEORIGIN
Strict-Transport-Security: max-age=15552000; includeSubDomains
X-Download-Options: noopen
X-Content-Type-Options: nosniff
X-Permitted-Cross-Domain-Policies: none
Referrer-Policy: no-referrer
X-XSS-Protection: 0
Access-Control-Allow-Origin: *
Content-Type: application/json; charset=utf-8
Content-Length: 79
ETag: W/"4f-f+ali0suM244FA3sBpvyxgKZ0NE"
Vary: Accept-Encoding
Keep-Alive: timeout=5, max=100
Connection: Keep-Alive

{
    "productId": "68319fcf81a206953043d004",
    "message": "Product Added Successfully"
}
]]></system-out>
    <system-err><![CDATA[SLF4J: Failed to load class "org.slf4j.impl.StaticLoggerBinder".
SLF4J: Defaulting to no-operation (NOP) logger implementation
SLF4J: See http://www.slf4j.org/codes.html#StaticLoggerBinder for further details.
]]></system-err>
  </testcase>
  <testcase name="createOrder" classname="demo.ECommerceAPITest" time="0.133">
    <system-out><![CDATA[Request method:	POST
Request URI:	https://rahulshettyacademy.com/api/ecom/order/create-order
Proxy:			<none>
Request params:	<none>
Query params:	<none>
Form params:	<none>
Path params:	<none>
Headers:		authorization=eyJhbGciOiJIUzI1NiIsInR5cCI6IkpXVCJ9.eyJfaWQiOiI2Mjc0MjU0OWUyNmI3ZTFhMTBlOWZjZTAiLCJ1c2VyRW1haWwiOiJyYWh1bHNoZXR0eUBnbWFpbC5jb20iLCJ1c2VyTW9iaWxlIjo5NTQzNjQ1NzU0LCJ1c2VyUm9sZSI6ImN1c3RvbWVyIiwiaWF0IjoxNzQ4MDgyNjM5LCJleHAiOjE3Nzk2NDAyMzl9.T8Vk32XCxChPbzR2axq26bQLMTN-exPTI4r0AV3TSmQ
				Accept=*/*
				Content-Type=application/json
Cookies:		<none>
Multiparts:		<none>
Body:
{
    "orders": [
        {
            "country": "India",
            "productOrderedId": "68319fcf81a206953043d004"
        }
    ]
}
HTTP/1.1 201 Created
Date: Sat, 24 May 2025 10:30:40 GMT
Server: Apache/2.4.52 (Ubuntu)
Content-Security-Policy: default-src 'self';base-uri 'self';block-all-mixed-content;font-src 'self' https: data:;frame-ancestors 'self';img-src 'self' data:;object-src 'none';script-src 'self';script-src-attr 'none';style-src 'self' https: 'unsafe-inline';upgrade-insecure-requests
X-DNS-Prefetch-Control: off
Expect-CT: max-age=0
X-Frame-Options: SAMEORIGIN
Strict-Transport-Security: max-age=15552000; includeSubDomains
X-Download-Options: noopen
X-Content-Type-Options: nosniff
X-Permitted-Cross-Domain-Policies: none
Referrer-Policy: no-referrer
X-XSS-Protection: 0
Access-Control-Allow-Origin: *
Content-Type: application/json; charset=utf-8
Content-Length: 123
ETag: W/"7b-RfpTtkFCDpJNI86kGDHACFzrv20"
Vary: Accept-Encoding
Keep-Alive: timeout=5, max=100
Connection: Keep-Alive

{
    "orders": [
        "68319fd081a206953043d00a"
    ],
    "productOrderId": [
        "68319fcf81a206953043d004"
    ],
    "message": "Order Placed Successfully"
}
]]></system-out>
  </testcase>
  <testcase name="deleteProduct" classname="demo.ECommerceAPITest" time="0.146">
    <system-out><![CDATA[Request method:	DELETE
Request URI:	https://rahulshettyacademy.com/api/ecom/product/delete-product/68319fcf81a206953043d004
Proxy:			<none>
Request params:	<none>
Query params:	<none>
Form params:	<none>
Path params:	productId=68319fcf81a206953043d004
Headers:		authorization=eyJhbGciOiJIUzI1NiIsInR5cCI6IkpXVCJ9.eyJfaWQiOiI2Mjc0MjU0OWUyNmI3ZTFhMTBlOWZjZTAiLCJ1c2VyRW1haWwiOiJyYWh1bHNoZXR0eUBnbWFpbC5jb20iLCJ1c2VyTW9iaWxlIjo5NTQzNjQ1NzU0LCJ1c2VyUm9sZSI6ImN1c3RvbWVyIiwiaWF0IjoxNzQ4MDgyNjM5LCJleHAiOjE3Nzk2NDAyMzl9.T8Vk32XCxChPbzR2axq26bQLMTN-exPTI4r0AV3TSmQ
				Accept=*/*
				Content-Type=application/json
Cookies:		<none>
Multiparts:		<none>
Body:			<none>
HTTP/1.1 200 OK
Date: Sat, 24 May 2025 10:30:40 GMT
Server: Apache/2.4.52 (Ubuntu)
Content-Security-Policy: default-src 'self';base-uri 'self';block-all-mixed-content;font-src 'self' https: data:;frame-ancestors 'self';img-src 'self' data:;object-src 'none';script-src 'self';script-src-attr 'none';style-src 'self' https: 'unsafe-inline';upgrade-insecure-requests
X-DNS-Prefetch-Control: off
Expect-CT: max-age=0
X-Frame-Options: SAMEORIGIN
Strict-Transport-Security: max-age=15552000; includeSubDomains
X-Download-Options: noopen
X-Content-Type-Options: nosniff
X-Permitted-Cross-Domain-Policies: none
Referrer-Policy: no-referrer
X-XSS-Protection: 0
Access-Control-Allow-Origin: *
Content-Type: application/json; charset=utf-8
Content-Length: 42
ETag: W/"2a-2mOwR6FOFcYds+NaVy6wWIOyKCY"
Vary: Accept-Encoding
Keep-Alive: timeout=5, max=100
Connection: Keep-Alive

{
    "message": "Product Deleted Successfully"
}
]]></system-out>
  </testcase>
</testsuite>